
*** Running vivado
    with args -log top.vds -m64 -product Vivado -mode batch -messageDb vivado.pb -notrace -source top.tcl



****** Vivado v2024.2 (64-bit)
  **** SW Build 5239630 on Fri Nov 08 22:35:27 MST 2024
  **** IP Build 5239520 on Sun Nov 10 16:12:51 MST 2024
  **** SharedData Build 5239561 on Fri Nov 08 14:39:27 MST 2024
  **** Start of session at: Thu Feb 13 22:43:04 2025
    ** Copyright 1986-2022 Xilinx, Inc. All Rights Reserved.
    ** Copyright 2022-2024 Advanced Micro Devices, Inc. All Rights Reserved.

source top.tcl -notrace
Command: read_checkpoint -auto_incremental -incremental C:/CSEE4280/GRP2ADD/Exercise5/Exercise5/Exercise5.srcs/utils_1/imports/synth_1/top.dcp
INFO: [Vivado 12-5825] Read reference checkpoint from C:/CSEE4280/GRP2ADD/Exercise5/Exercise5/Exercise5.srcs/utils_1/imports/synth_1/top.dcp for incremental synthesis
INFO: [Vivado 12-7989] Please ensure there are no constraint changes
Command: synth_design -top top -part xc7a100tcsg324-1
Starting synth_design
Attempting to get a license for feature 'Synthesis' and/or device 'xc7a100t'
INFO: [Common 17-349] Got license for feature 'Synthesis' and/or device 'xc7a100t'
INFO: [Device 21-403] Loading part xc7a100tcsg324-1
INFO: [Designutils 20-5440] No compile time benefit to using incremental synthesis; A full resynthesis will be run
INFO: [Designutils 20-4379] Flow is switching to default flow due to incremental criteria not met. If you would like to alter this behaviour and have the flow terminate instead, please set the following parameter config_implementation {autoIncr.Synth.RejectBehavior Terminate}
INFO: [Synth 8-7079] Multithreading enabled for synth_design using a maximum of 2 processes.
INFO: [Synth 8-7078] Launching helper process for spawning children vivado processes
INFO: [Synth 8-7075] Helper process launched with PID 4008
---------------------------------------------------------------------------------
Starting RTL Elaboration : Time (s): cpu = 00:00:02 ; elapsed = 00:00:05 . Memory (MB): peak = 1098.973 ; gain = 469.023
---------------------------------------------------------------------------------
INFO: [Synth 8-6157] synthesizing module 'top' [C:/CSEE4280/GRP2ADD/Exercise5/Exercise5/Exercise5.srcs/sources_1/new/top.v:23]
INFO: [Synth 8-6157] synthesizing module 'rgb_controller' [C:/CSEE4280/GRP2ADD/Exercise5/Exercise5/Exercise5.srcs/sources_1/new/rgb_controller.v:23]
INFO: [Synth 8-6157] synthesizing module 'switch_to_duty' [C:/CSEE4280/GRP2ADD/Exercise5/Exercise5/Exercise5.srcs/sources_1/new/switch_to_duty.v:23]
INFO: [Synth 8-6155] done synthesizing module 'switch_to_duty' (0#1) [C:/CSEE4280/GRP2ADD/Exercise5/Exercise5/Exercise5.srcs/sources_1/new/switch_to_duty.v:23]
INFO: [Synth 8-6157] synthesizing module 'PWM' [C:/CSEE4280/GRP2ADD/Exercise5/Exercise5/Exercise5.srcs/sources_1/new/PWM.v:22]
WARNING: [Synth 8-567] referenced signal 'CurrentState' should be on the sensitivity list [C:/CSEE4280/GRP2ADD/Exercise5/Exercise5/Exercise5.srcs/sources_1/new/PWM.v:57]
WARNING: [Synth 8-567] referenced signal 'Duty' should be on the sensitivity list [C:/CSEE4280/GRP2ADD/Exercise5/Exercise5/Exercise5.srcs/sources_1/new/PWM.v:57]
INFO: [Synth 8-6155] done synthesizing module 'PWM' (0#1) [C:/CSEE4280/GRP2ADD/Exercise5/Exercise5/Exercise5.srcs/sources_1/new/PWM.v:22]
INFO: [Synth 8-6155] done synthesizing module 'rgb_controller' (0#1) [C:/CSEE4280/GRP2ADD/Exercise5/Exercise5/Exercise5.srcs/sources_1/new/rgb_controller.v:23]
WARNING: [Synth 8-689] width (5) of port connection 'r_in' does not match port width (8) of module 'rgb_controller' [C:/CSEE4280/GRP2ADD/Exercise5/Exercise5/Exercise5.srcs/sources_1/new/top.v:26]
WARNING: [Synth 8-689] width (6) of port connection 'g_in' does not match port width (8) of module 'rgb_controller' [C:/CSEE4280/GRP2ADD/Exercise5/Exercise5/Exercise5.srcs/sources_1/new/top.v:26]
WARNING: [Synth 8-689] width (5) of port connection 'b_in' does not match port width (8) of module 'rgb_controller' [C:/CSEE4280/GRP2ADD/Exercise5/Exercise5/Exercise5.srcs/sources_1/new/top.v:26]
INFO: [Synth 8-6155] done synthesizing module 'top' (0#1) [C:/CSEE4280/GRP2ADD/Exercise5/Exercise5/Exercise5.srcs/sources_1/new/top.v:23]
---------------------------------------------------------------------------------
Finished RTL Elaboration : Time (s): cpu = 00:00:02 ; elapsed = 00:00:06 . Memory (MB): peak = 1204.648 ; gain = 574.699
---------------------------------------------------------------------------------
---------------------------------------------------------------------------------
Start Handling Custom Attributes
---------------------------------------------------------------------------------
---------------------------------------------------------------------------------
Finished Handling Custom Attributes : Time (s): cpu = 00:00:02 ; elapsed = 00:00:06 . Memory (MB): peak = 1204.648 ; gain = 574.699
---------------------------------------------------------------------------------
---------------------------------------------------------------------------------
Finished RTL Optimization Phase 1 : Time (s): cpu = 00:00:02 ; elapsed = 00:00:06 . Memory (MB): peak = 1204.648 ; gain = 574.699
---------------------------------------------------------------------------------
Netlist sorting complete. Time (s): cpu = 00:00:00 ; elapsed = 00:00:00.001 . Memory (MB): peak = 1204.648 ; gain = 0.000
INFO: [Project 1-570] Preparing netlist for logic optimization

Processing XDC Constraints
Initializing timing engine
Parsing XDC File [C:/CSEE4280/The-FPGA-Programming-Handbook-Second-Edition/CH3/xdc/Nexys-A7-100T-Master.xdc]
Finished Parsing XDC File [C:/CSEE4280/The-FPGA-Programming-Handbook-Second-Edition/CH3/xdc/Nexys-A7-100T-Master.xdc]
INFO: [Project 1-236] Implementation specific constraints were found while reading constraint file [C:/CSEE4280/The-FPGA-Programming-Handbook-Second-Edition/CH3/xdc/Nexys-A7-100T-Master.xdc]. These constraints will be ignored for synthesis but will be used in implementation. Impacted constraints are listed in the file [.Xil/top_propImpl.xdc].
Resolution: To avoid this warning, move constraints listed in [.Xil/top_propImpl.xdc] to another XDC file and exclude this new file from synthesis with the used_in_synthesis property (File Properties dialog in GUI) and re-run elaboration/synthesis.
Completed Processing XDC Constraints

Netlist sorting complete. Time (s): cpu = 00:00:00 ; elapsed = 00:00:00 . Memory (MB): peak = 1293.461 ; gain = 0.000
INFO: [Project 1-111] Unisim Transformation Summary:
No Unisim elements were transformed.

Constraint Validation Runtime : Time (s): cpu = 00:00:00 ; elapsed = 00:00:00.004 . Memory (MB): peak = 1293.461 ; gain = 0.000
INFO: [Designutils 20-5440] No compile time benefit to using incremental synthesis; A full resynthesis will be run
INFO: [Designutils 20-4379] Flow is switching to default flow due to incremental criteria not met. If you would like to alter this behaviour and have the flow terminate instead, please set the following parameter config_implementation {autoIncr.Synth.RejectBehavior Terminate}
---------------------------------------------------------------------------------
Finished Constraint Validation : Time (s): cpu = 00:00:05 ; elapsed = 00:00:12 . Memory (MB): peak = 1293.461 ; gain = 663.512
---------------------------------------------------------------------------------
---------------------------------------------------------------------------------
Start Loading Part and Timing Information
---------------------------------------------------------------------------------
Loading part: xc7a100tcsg324-1
---------------------------------------------------------------------------------
Finished Loading Part and Timing Information : Time (s): cpu = 00:00:05 ; elapsed = 00:00:12 . Memory (MB): peak = 1293.461 ; gain = 663.512
---------------------------------------------------------------------------------
---------------------------------------------------------------------------------
Start Applying 'set_property' XDC Constraints
---------------------------------------------------------------------------------
---------------------------------------------------------------------------------
Finished applying 'set_property' XDC Constraints : Time (s): cpu = 00:00:05 ; elapsed = 00:00:12 . Memory (MB): peak = 1293.461 ; gain = 663.512
---------------------------------------------------------------------------------
INFO: [Synth 8-802] inferred FSM for state register 'CurrentState_reg' in module 'PWM'
---------------------------------------------------------------------------------------------------
                   State |                     New Encoding |                Previous Encoding 
---------------------------------------------------------------------------------------------------
                   START |                              000 |                              000
                      ON |                              001 |                              001
                     OFF |                              010 |                              010
                SWITCHON |                              011 |                              011
               SWITCHOFF |                              100 |                              100
---------------------------------------------------------------------------------------------------
INFO: [Synth 8-3354] encoded FSM with state register 'CurrentState_reg' using encoding 'sequential' in module 'PWM'
---------------------------------------------------------------------------------
Finished RTL Optimization Phase 2 : Time (s): cpu = 00:00:05 ; elapsed = 00:00:12 . Memory (MB): peak = 1293.461 ; gain = 663.512
---------------------------------------------------------------------------------
---------------------------------------------------------------------------------
Start RTL Component Statistics 
---------------------------------------------------------------------------------
Detailed RTL Component Info : 
+---Registers : 
	                7 Bit    Registers := 3     
+---ROMs : 
	                    ROMs := 3     
+---Muxes : 
	   5 Input    3 Bit        Muxes := 6     
	   2 Input    3 Bit        Muxes := 24    
	   5 Input    1 Bit        Muxes := 3     
	   2 Input    1 Bit        Muxes := 3     
---------------------------------------------------------------------------------
Finished RTL Component Statistics 
---------------------------------------------------------------------------------
---------------------------------------------------------------------------------
Start Part Resource Summary
---------------------------------------------------------------------------------
Part Resources:
DSPs: 240 (col length:80)
BRAMs: 270 (col length: RAMB18 80 RAMB36 40)
---------------------------------------------------------------------------------
Finished Part Resource Summary
---------------------------------------------------------------------------------
---------------------------------------------------------------------------------
Start Cross Boundary and Area Optimization
---------------------------------------------------------------------------------
WARNING: [Synth 8-7080] Parallel synthesis criteria is not met
---------------------------------------------------------------------------------
Finished Cross Boundary and Area Optimization : Time (s): cpu = 00:00:05 ; elapsed = 00:00:14 . Memory (MB): peak = 1293.461 ; gain = 663.512
---------------------------------------------------------------------------------
---------------------------------------------------------------------------------
Start ROM, RAM, DSP, Shift Register and Retiming Reporting
---------------------------------------------------------------------------------

ROM: Preliminary Mapping Report
+------------+--------------------+---------------+----------------+
|Module Name | RTL Object         | Depth x Width | Implemented As | 
+------------+--------------------+---------------+----------------+
|top         | rgbc/stdr/duty_reg | 256x7         | Block RAM      | 
|top         | rgbc/stdg/duty_reg | 256x7         | Block RAM      | 
|top         | rgbc/stdb/duty_reg | 256x7         | Block RAM      | 
+------------+--------------------+---------------+----------------+

---------------------------------------------------------------------------------
Finished ROM, RAM, DSP, Shift Register and Retiming Reporting
---------------------------------------------------------------------------------
---------------------------------------------------------------------------------
Start Applying XDC Timing Constraints
---------------------------------------------------------------------------------
---------------------------------------------------------------------------------
Finished Applying XDC Timing Constraints : Time (s): cpu = 00:00:07 ; elapsed = 00:00:19 . Memory (MB): peak = 1394.672 ; gain = 764.723
---------------------------------------------------------------------------------
---------------------------------------------------------------------------------
Start Timing Optimization
---------------------------------------------------------------------------------
---------------------------------------------------------------------------------
Finished Timing Optimization : Time (s): cpu = 00:00:07 ; elapsed = 00:00:19 . Memory (MB): peak = 1394.746 ; gain = 764.797
---------------------------------------------------------------------------------
---------------------------------------------------------------------------------
Start Technology Mapping
---------------------------------------------------------------------------------
INFO: [Synth 8-7052] The timing for the instance rgbc/stdr/duty_reg (implemented as a Block RAM) might be sub-optimal as no optional output register could be merged into the ram block. Providing additional output register may help in improving timing.
INFO: [Synth 8-7052] The timing for the instance rgbc/stdr/duty_reg (implemented as a Block RAM) might be sub-optimal as no optional output register could be merged into the ram block. Providing additional output register may help in improving timing.
INFO: [Synth 8-7052] The timing for the instance rgbc/stdb/duty_reg (implemented as a Block RAM) might be sub-optimal as no optional output register could be merged into the ram block. Providing additional output register may help in improving timing.
---------------------------------------------------------------------------------
Finished Technology Mapping : Time (s): cpu = 00:00:07 ; elapsed = 00:00:19 . Memory (MB): peak = 1406.180 ; gain = 776.230
---------------------------------------------------------------------------------
---------------------------------------------------------------------------------
Start IO Insertion
---------------------------------------------------------------------------------
---------------------------------------------------------------------------------
Start Flattening Before IO Insertion
---------------------------------------------------------------------------------
---------------------------------------------------------------------------------
Finished Flattening Before IO Insertion
---------------------------------------------------------------------------------
---------------------------------------------------------------------------------
Start Final Netlist Cleanup
---------------------------------------------------------------------------------
---------------------------------------------------------------------------------
Finished Final Netlist Cleanup
---------------------------------------------------------------------------------
---------------------------------------------------------------------------------
Finished IO Insertion : Time (s): cpu = 00:00:08 ; elapsed = 00:00:22 . Memory (MB): peak = 1621.711 ; gain = 991.762
---------------------------------------------------------------------------------
---------------------------------------------------------------------------------
Start Renaming Generated Instances
---------------------------------------------------------------------------------
---------------------------------------------------------------------------------
Finished Renaming Generated Instances : Time (s): cpu = 00:00:08 ; elapsed = 00:00:22 . Memory (MB): peak = 1621.711 ; gain = 991.762
---------------------------------------------------------------------------------
---------------------------------------------------------------------------------
Start Rebuilding User Hierarchy
---------------------------------------------------------------------------------
---------------------------------------------------------------------------------
Finished Rebuilding User Hierarchy : Time (s): cpu = 00:00:08 ; elapsed = 00:00:22 . Memory (MB): peak = 1621.711 ; gain = 991.762
---------------------------------------------------------------------------------
---------------------------------------------------------------------------------
Start Renaming Generated Ports
---------------------------------------------------------------------------------
---------------------------------------------------------------------------------
Finished Renaming Generated Ports : Time (s): cpu = 00:00:08 ; elapsed = 00:00:22 . Memory (MB): peak = 1621.711 ; gain = 991.762
---------------------------------------------------------------------------------
---------------------------------------------------------------------------------
Start Handling Custom Attributes
---------------------------------------------------------------------------------
---------------------------------------------------------------------------------
Finished Handling Custom Attributes : Time (s): cpu = 00:00:08 ; elapsed = 00:00:22 . Memory (MB): peak = 1622.699 ; gain = 992.750
---------------------------------------------------------------------------------
---------------------------------------------------------------------------------
Start Renaming Generated Nets
---------------------------------------------------------------------------------
---------------------------------------------------------------------------------
Finished Renaming Generated Nets : Time (s): cpu = 00:00:08 ; elapsed = 00:00:22 . Memory (MB): peak = 1622.699 ; gain = 992.750
---------------------------------------------------------------------------------
---------------------------------------------------------------------------------
Start Writing Synthesis Report
---------------------------------------------------------------------------------

Report BlackBoxes: 
+-+--------------+----------+
| |BlackBox name |Instances |
+-+--------------+----------+
+-+--------------+----------+

Report Cell Usage: 
+------+---------+------+
|      |Cell     |Count |
+------+---------+------+
|1     |BUFG     |     1|
|2     |CARRY4   |    18|
|3     |LUT1     |     3|
|4     |LUT2     |    42|
|5     |LUT4     |    18|
|6     |LUT5     |     3|
|7     |LUT6     |    12|
|8     |RAMB18E1 |     2|
|9     |FDRE     |    54|
|10    |IBUF     |    18|
|11    |OBUF     |     3|
+------+---------+------+
---------------------------------------------------------------------------------
Finished Writing Synthesis Report : Time (s): cpu = 00:00:08 ; elapsed = 00:00:22 . Memory (MB): peak = 1622.699 ; gain = 992.750
---------------------------------------------------------------------------------
Synthesis finished with 0 errors, 0 critical warnings and 1 warnings.
Synthesis Optimization Runtime : Time (s): cpu = 00:00:05 ; elapsed = 00:00:21 . Memory (MB): peak = 1622.699 ; gain = 903.938
Synthesis Optimization Complete : Time (s): cpu = 00:00:08 ; elapsed = 00:00:23 . Memory (MB): peak = 1622.699 ; gain = 992.750
INFO: [Project 1-571] Translating synthesized netlist
Netlist sorting complete. Time (s): cpu = 00:00:00 ; elapsed = 00:00:00.001 . Memory (MB): peak = 1622.699 ; gain = 0.000
INFO: [Netlist 29-17] Analyzing 20 Unisim elements for replacement
INFO: [Netlist 29-28] Unisim Transformation completed in 0 CPU seconds
INFO: [Project 1-570] Preparing netlist for logic optimization
INFO: [Opt 31-138] Pushed 0 inverter(s) to 0 load pin(s).
Netlist sorting complete. Time (s): cpu = 00:00:00 ; elapsed = 00:00:00 . Memory (MB): peak = 1622.699 ; gain = 0.000
INFO: [Project 1-111] Unisim Transformation Summary:
No Unisim elements were transformed.

Synth Design complete | Checksum: ff4cc7cd
INFO: [Common 17-83] Releasing license: Synthesis
34 Infos, 6 Warnings, 0 Critical Warnings and 0 Errors encountered.
synth_design completed successfully
synth_design: Time (s): cpu = 00:00:10 ; elapsed = 00:00:28 . Memory (MB): peak = 1622.699 ; gain = 1193.809
Write ShapeDB Complete: Time (s): cpu = 00:00:00 ; elapsed = 00:00:00.006 . Memory (MB): peak = 1622.699 ; gain = 0.000
INFO: [Common 17-1381] The checkpoint 'C:/CSEE4280/GRP2ADD/Exercise5/Exercise5/Exercise5.runs/synth_1/top.dcp' has been generated.
INFO: [Vivado 12-24828] Executing command : report_utilization -file top_utilization_synth.rpt -pb top_utilization_synth.pb
INFO: [Common 17-206] Exiting Vivado at Thu Feb 13 22:43:41 2025...
