INFO: [VRFC 10-2263] Analyzing Verilog file "C:/CSEE4280/GRP2ADD/Exercise5/Exercise5/Exercise5.sim/sim_1/impl/func/xsim/SSD_tb_func_impl.v" into library xil_defaultlib
INFO: [VRFC 10-311] analyzing module PWM
INFO: [VRFC 10-311] analyzing module PWM_0
INFO: [VRFC 10-311] analyzing module PWM_1
INFO: [VRFC 10-311] analyzing module cathode_top
INFO: [VRFC 10-311] analyzing module rgb_controller
INFO: [VRFC 10-311] analyzing module ssd_controller
INFO: [VRFC 10-311] analyzing module switch_to_duty
INFO: [VRFC 10-311] analyzing module switch_to_duty_2
INFO: [VRFC 10-311] analyzing module switch_to_duty_3
INFO: [VRFC 10-311] analyzing module top
INFO: [VRFC 10-311] analyzing module glbl
INFO: [VRFC 10-2263] Analyzing Verilog file "C:/CSEE4280/GRP2ADD/Exercise5/Exercise5/Exercise5.srcs/sources_1/new/cathodeControl.v" into library xil_defaultlib
INFO: [VRFC 10-311] analyzing module cathodeControl
INFO: [VRFC 10-2263] Analyzing SystemVerilog file "C:/CSEE4280/GRP2ADD/Exercise5/Exercise5/Exercise5.srcs/sources_1/new/cathode_top.sv" into library xil_defaultlib
INFO: [VRFC 10-311] analyzing module cathode_top
WARNING: [VRFC 10-3609] overwriting previous definition of module 'cathode_top' [C:/CSEE4280/GRP2ADD/Exercise5/Exercise5/Exercise5.srcs/sources_1/new/cathode_top.sv:8]
INFO: [VRFC 10-2263] Analyzing SystemVerilog file "C:/CSEE4280/GRP2ADD/Exercise5/Exercise5/Exercise5.srcs/sources_1/new/ssd_controller.sv" into library xil_defaultlib
INFO: [VRFC 10-311] analyzing module ssd_controller
WARNING: [VRFC 10-3609] overwriting previous definition of module 'ssd_controller' [C:/CSEE4280/GRP2ADD/Exercise5/Exercise5/Exercise5.srcs/sources_1/new/ssd_controller.sv:23]
INFO: [VRFC 10-2263] Analyzing Verilog file "C:/CSEE4280/GRP2ADD/Exercise5/Exercise5/Exercise5.srcs/sim_1/new/SSD_tb.v" into library xil_defaultlib
INFO: [VRFC 10-311] analyzing module SSD_tb
