#-----------------------------------------------------------
# Vivado v2024.2 (64-bit)
# SW Build 5239630 on Fri Nov 08 22:35:27 MST 2024
# IP Build 5239520 on Sun Nov 10 16:12:51 MST 2024
# SharedData Build 5239561 on Fri Nov 08 14:39:27 MST 2024
# Start of session at: Thu Jan 23 21:13:24 2025
# Process ID         : 19376
# Current directory  : C:/CSEE4280/GRP2ADD/Exercise2/Adder/Adder.sim/sim_1/behav/xsim
# Command line       : vivado.exe -gui_launcher_event rodinguilauncherevent16576 C:\CSEE4280\GRP2ADD\Exercise2\Adder\Adder.sim\sim_1\behav\xsim\Sixteen_Bit_Adder_tb_behav.wdb
# Log file           : C:/CSEE4280/GRP2ADD/Exercise2/Adder/Adder.sim/sim_1/behav/xsim/vivado.log
# Journal file       : C:/CSEE4280/GRP2ADD/Exercise2/Adder/Adder.sim/sim_1/behav/xsim\vivado.jou
# Running On         : LAPTOP-RH96MGM6
# Platform           : Windows Server 2016 or Windows 10
# Operating System   : 22631
# Processor Detail   : 12th Gen Intel(R) Core(TM) i5-1235U
# CPU Frequency      : 2496 MHz
# CPU Physical cores : 10
# CPU Logical cores  : 12
# Host memory        : 8216 MB
# Swap memory        : 7899 MB
# Total Virtual      : 16116 MB
# Available Virtual  : 5828 MB
#-----------------------------------------------------------
start_gui
open_wave_database {C:\CSEE4280\GRP2ADD\Exercise2\Adder\Adder.sim\sim_1\behav\xsim\Sixteen_Bit_Adder_tb_behav.wdb}
WARNING: [Board 49-26] cannot add Board Part xilinx.com:zcu208ld:part0:2.0 available at C:/Xilinx/Vivado/2024.2/data/xhub/boards/XilinxBoardStore/boards/Xilinx/zcu208ld/production/2.0/board.xml as part xczu58dr-fsvg1517-2-i specified in board_part file is either invalid or not available
WARNING: [Board 49-26] cannot add Board Part xilinx.com:zcu216ld:part0:2.0 available at C:/Xilinx/Vivado/2024.2/data/xhub/boards/XilinxBoardStore/boards/Xilinx/zcu216ld/production/2.0/board.xml as part xczu59dr-ffvf1760-2-i specified in board_part file is either invalid or not available
WARNING: [Board 49-26] cannot add Board Part xilinx.com:zcu670ld:part0:1.0 available at C:/Xilinx/Vivado/2024.2/data/xhub/boards/XilinxBoardStore/boards/Xilinx/zcu670ld/1.0/board.xml as part xczu57dr-fsve1156-2-i specified in board_part file is either invalid or not available
INFO: [IP_Flow 19-234] Refreshing IP repositories
INFO: [IP_Flow 19-1704] No user IP repositories specified
INFO: [IP_Flow 19-2313] Loaded Vivado IP repository 'C:/Xilinx/Vivado/2024.2/data/ip'.
INFO: [Common 17-41] Interrupt caught. Command should exit soon.
INFO: [Common 17-344] 'set_property' was cancelled
INFO: [Common 17-344] 'set_property' was cancelled
INFO: [Common 17-344] 'current_fileset' was cancelled
INFOclose_sim
INFO: [Simtcl 6-16] Simulation closed
exit
INFO: [Common 17-206] Exiting Vivado at Thu Jan 23 21:13:52 2025...
FO: [Common 17-206] Exiting Vivado at Thu Jan 23 21:13:48 2025...
